2025-07-28 02:07:56 Loading main app package /tmp/.mount_Obsiditp0JI8/resources/obsidian.asar
2025-07-28 02:07:56 Checking for update using Github
2025-07-28 02:07:56 Success.
2025-07-28 02:07:56 Latest version is 1.8.10
2025-07-28 02:07:56 App is up to date.
2025-07-28 03:07:56 Checking for update using Github
2025-07-28 03:07:56 Success.
2025-07-28 03:07:56 Latest version is 1.8.10
2025-07-28 03:07:56 App is up to date.
2025-07-28 04:07:56 Checking for update using Github
2025-07-28 04:07:56 Success.
2025-07-28 04:07:56 Latest version is 1.8.10
2025-07-28 04:07:56 App is up to date.
2025-07-28 05:07:56 Checking for update using Github
2025-07-28 05:07:56 Success.
2025-07-28 05:07:56 Latest version is 1.8.10
2025-07-28 05:07:56 App is up to date.
2025-07-28 06:07:56 Checking for update using Github
2025-07-28 06:07:56 Success.
2025-07-28 06:07:56 Latest version is 1.8.10
2025-07-28 06:07:56 App is up to date.
2025-07-28 07:07:56 Checking for update using Github
2025-07-28 07:07:56 Success.
2025-07-28 07:07:56 Latest version is 1.8.10
2025-07-28 07:07:56 App is up to date.
2025-07-28 08:07:56 Checking for update using Github
2025-07-28 08:07:56 Success.
2025-07-28 08:07:56 Latest version is 1.8.10
2025-07-28 08:07:56 App is up to date.
2025-07-28 09:07:56 Checking for update using Github
2025-07-28 09:07:56 Success.
2025-07-28 09:07:56 Latest version is 1.8.10
2025-07-28 09:07:56 App is up to date.
2025-07-28 10:07:56 Checking for update using Github
2025-07-28 10:07:56 Success.
2025-07-28 10:07:56 Latest version is 1.8.10
2025-07-28 10:07:56 App is up to date.
2025-07-28 11:07:56 Checking for update using Github
2025-07-28 11:07:56 Success.
2025-07-28 11:07:56 Latest version is 1.8.10
2025-07-28 11:07:56 App is up to date.
2025-07-28 12:07:56 Checking for update using Github
2025-07-28 12:07:56 Success.
2025-07-28 12:07:56 Latest version is 1.8.10
2025-07-28 12:07:56 App is up to date.
2025-07-28 13:07:56 Checking for update using Github
2025-07-28 13:07:56 Success.
2025-07-28 13:07:56 Latest version is 1.8.10
2025-07-28 13:07:56 App is up to date.
2025-07-28 14:07:56 Checking for update using Github
2025-07-28 14:07:56 Success.
2025-07-28 14:07:56 Latest version is 1.8.10
2025-07-28 14:07:56 App is up to date.
2025-07-28 15:07:56 Checking for update using Github
2025-07-28 15:07:56 Success.
2025-07-28 15:07:56 Latest version is 1.8.10
2025-07-28 15:07:56 App is up to date.
2025-07-28 16:07:56 Checking for update using Github
2025-07-28 16:07:56 Success.
2025-07-28 16:07:56 Latest version is 1.8.10
2025-07-28 16:07:56 App is up to date.
2025-07-28 17:07:56 Checking for update using Github
2025-07-28 17:07:56 Success.
2025-07-28 17:07:56 Latest version is 1.8.10
2025-07-28 17:07:56 App is up to date.
2025-07-28 18:07:56 Checking for update using Github
2025-07-28 18:07:56 Success.
2025-07-28 18:07:56 Latest version is 1.8.10
2025-07-28 18:07:56 App is up to date.
2025-07-28 19:07:56 Checking for update using Github
2025-07-28 19:07:56 Success.
2025-07-28 19:07:56 Latest version is 1.8.10
2025-07-28 19:07:56 App is up to date.
2025-07-28 20:07:56 Checking for update using Github
2025-07-28 20:07:56 Success.
2025-07-28 20:07:56 Latest version is 1.8.10
2025-07-28 20:07:56 App is up to date.
2025-07-28 21:07:56 Checking for update using Github
2025-07-28 21:07:56 Success.
2025-07-28 21:07:56 Latest version is 1.8.10
2025-07-28 21:07:56 App is up to date.
2025-07-28 22:07:56 Checking for update using Github
2025-07-28 22:07:56 Success.
2025-07-28 22:07:56 Latest version is 1.8.10
2025-07-28 22:07:56 App is up to date.
2025-07-28 23:07:56 Checking for update using Github
2025-07-28 23:07:56 Success.
2025-07-28 23:07:56 Latest version is 1.8.10
2025-07-28 23:07:56 App is up to date.
2025-07-29 00:07:56 Checking for update using Github
2025-07-29 00:07:56 Success.
2025-07-29 00:07:56 Latest version is 1.8.10
2025-07-29 00:07:56 App is up to date.
2025-07-29 01:07:56 Checking for update using Github
2025-07-29 01:07:56 Success.
2025-07-29 01:07:56 Latest version is 1.8.10
2025-07-29 01:07:56 App is up to date.
2025-07-29 02:07:56 Checking for update using Github
2025-07-29 02:07:56 Success.
2025-07-29 02:07:56 Latest version is 1.8.10
2025-07-29 02:07:56 App is up to date.
2025-07-29 03:07:56 Checking for update using Github
2025-07-29 03:07:56 Success.
2025-07-29 03:07:56 Latest version is 1.8.10
2025-07-29 03:07:56 App is up to date.
